<?xml version="1.0" encoding="UTF-8"?>
<testsuite name="StylistTest" tests="9" skipped="0" failures="0" errors="0" timestamp="2016-09-24T03:23:42" hostname="epicodus-107.local" time="0.093">
  <properties/>
  <testcase name="equals_returnsTrueIfNamesAretheSame" classname="StylistTest" time="0.005"/>
  <testcase name="Stylist_instantiatesWithID_1" classname="StylistTest" time="0.009"/>
  <testcase name="Stylist_instantiatesCorrectly_true" classname="StylistTest" time="0.004"/>
  <testcase name="find_returnsStylistWithSameId_secondStylist" classname="StylistTest" time="0.014"/>
  <testcase name="getClients_retrievesAllClientsFromDatabase_clientsList" classname="StylistTest" time="0.022"/>
  <testcase name="save_savesIntoDatabase_true" classname="StylistTest" time="0.013"/>
  <testcase name="Stylist_instantiatesWithName_String" classname="StylistTest" time="0.005"/>
  <testcase name="save_assignsIdToObject" classname="StylistTest" time="0.013"/>
  <testcase name="Stylist_instantiatesWithBio_String" classname="StylistTest" time="0.005"/>
  <system-out><![CDATA[]]></system-out>
  <system-err><![CDATA[]]></system-err>
</testsuite>
