<?xml version="1.0" encoding="UTF-8"?>
<testsuite name="ClientTest" tests="12" skipped="0" failures="0" errors="0" timestamp="2016-10-01T00:48:33" hostname="epicodus-10.local" time="0.233">
  <properties/>
  <testcase name="equals_returnsTrueIfClientsAreTheSame" classname="ClientTest" time="0.075"/>
  <testcase name="update_updatesClient_true" classname="ClientTest" time="0.042"/>
  <testcase name="getId_instantiesWithID_1" classname="ClientTest" time="0.01"/>
  <testcase name="save_returnsTrueIfClientsAretheSame" classname="ClientTest" time="0.014"/>
  <testcase name="Client_instantiesWithClient_String" classname="ClientTest" time="0.005"/>
  <testcase name="Client_instantiatesCorrectly_true" classname="ClientTest" time="0.004"/>
  <testcase name="clear_emptiesAllClientsFromArrayList_0" classname="ClientTest" time="0.008"/>
  <testcase name="all_returnsAllInstancesOfClient_true" classname="ClientTest" time="0.021"/>
  <testcase name="save_assignsIdToObject" classname="ClientTest" time="0.012"/>
  <testcase name="delete_deletesClient_true" classname="ClientTest" time="0.018"/>
  <testcase name="find_returnsClientWithSameId_secondClient" classname="ClientTest" time="0.017"/>
  <testcase name="Client_instantiesWithInfo_String" classname="ClientTest" time="0.005"/>
  <system-out><![CDATA[]]></system-out>
  <system-err><![CDATA[]]></system-err>
</testsuite>
